{"message":"login successfull","level":"info"}
{"message":"login successfull","level":"info"}
{"level":"info","message":"Server is Running ar port"}
{"message":"Server is Running at port3002","level":"info"}
{"message":"Server is Running at port 3002","level":"info"}
{"message":"login successfull","level":"info"}
{"message":"Registered Successfully","level":"info"}
{"message":"login successfull","level":"info"}
{"message":"Token Verified Successfully","level":"info"}
{"message":"User Details fetch successfully","level":"info"}
{"message":"Server is Running at port 3002","level":"info"}
{"message":"Server is Running at port 3002","level":"info"}
{"message":"Server is Running at port 3002","level":"info"}
{"message":"Server is Running at port 3002","level":"info"}
{"message":"Server is Running at port 3002","level":"info"}
{"message":"Server is Running at port 3002","level":"info"}
{"message":"Server is Running at port 3002","level":"info"}
{"message":"Server is Running at port 3002","level":"info"}
{"message":"Server is Running at port 3002","level":"info"}
{"message":"Server is Running at port 3002","level":"info"}
{"message":"Server is Running at port 3002","level":"info"}
{"message":"Server is Running at port 3002","level":"info"}
{"message":"Server is Running at port 3002","level":"info"}
{"message":"Mongo connection successful with database","level":"info"}
{"message":"Server is Running at port 3002","level":"info"}
{"message":"Mongo connection successful with database","level":"info"}
{"message":"login successfull","level":"info"}
{"message":"Token Verified Successfully","level":"info"}
{"message":"User Details fetch successfully","level":"info"}
{"message":"Registered Successfully","level":"info"}
